<?xml version="1.0" encoding="UTF-8"?>
<!-- Generated by org.testng.reporters.JUnitReportReporter -->
<testsuite hostname="Remyas-MacBook-Air.local" failures="0" tests="2" name="com.cjnet.CompodActionsTest" time="49.791" errors="0" timestamp="2020-07-28T11:20:29 CDT" skipped="0">
  <testcase classname="com.cjnet.CompodActionsTest" name="checkAlreadyMarked" time="40.456"/>
  <testcase classname="com.cjnet.CompodActionsTest" name="loginAndMarking" time="9.335"/>
</testsuite> <!-- com.cjnet.CompodActionsTest -->
