<?xml version="1.0" encoding="UTF-8"?>
<!-- Generated by org.testng.reporters.JUnitReportReporter -->
<testsuite hostname="Remyas-MacBook-Air.local" failures="0" tests="2" name="com.cjnet.CompodActionsTest" time="48.207" errors="0" timestamp="2020-07-25T12:08:24 CDT" skipped="0">
  <testcase classname="com.cjnet.CompodActionsTest" name="checkAlreadyMarked" time="31.548"/>
  <testcase classname="com.cjnet.CompodActionsTest" name="loginAndMarking" time="16.659"/>
</testsuite> <!-- com.cjnet.CompodActionsTest -->
